D:\Program Files\projects\old_prj\oldallinone\supermarketplace\supermarketplace\Scripts\Enums.js
D:\Program Files\projects\old_prj\oldallinone\supermarketplace\supermarketplace\app\animation\router-animation.js
D:\Program Files\projects\old_prj\oldallinone\supermarketplace\supermarketplace\app\components\common-component.js
D:\Program Files\projects\old_prj\oldallinone\supermarketplace\supermarketplace\app\products\services\product-service.js
D:\Program Files\projects\old_prj\oldallinone\supermarketplace\supermarketplace\app\products\services\user-service.js
D:\Program Files\projects\old_prj\oldallinone\supermarketplace\supermarketplace\app\products\components\products-component.js
D:\Program Files\projects\old_prj\oldallinone\supermarketplace\supermarketplace\app\products\services\adds-service.js
D:\Program Files\projects\old_prj\oldallinone\supermarketplace\supermarketplace\app\products\components\products-list-component.js
D:\Program Files\projects\old_prj\oldallinone\supermarketplace\supermarketplace\app\products\authcomponent\user-component.js
D:\Program Files\projects\old_prj\oldallinone\supermarketplace\supermarketplace\app\products\authcomponent\user-login-component.js
D:\Program Files\projects\old_prj\oldallinone\supermarketplace\supermarketplace\app\products\components\home-component.js
D:\Program Files\projects\old_prj\oldallinone\supermarketplace\supermarketplace\app\products\config\products-routing.js
D:\Program Files\projects\old_prj\oldallinone\supermarketplace\supermarketplace\app\products\components\adds-component.js
D:\Program Files\projects\old_prj\oldallinone\supermarketplace\supermarketplace\app\products\components\product-item-component.js
D:\Program Files\projects\old_prj\oldallinone\supermarketplace\supermarketplace\app\products\app.products.module.js
D:\Program Files\projects\old_prj\oldallinone\supermarketplace\supermarketplace\app\account\services\user-account-service.js
D:\Program Files\projects\old_prj\oldallinone\supermarketplace\supermarketplace\app\account\services\user-profile-service.js
D:\Program Files\projects\old_prj\oldallinone\supermarketplace\supermarketplace\app\account\components\user-account-component.js
D:\Program Files\projects\old_prj\oldallinone\supermarketplace\supermarketplace\app\account\services\user-products-service.js
D:\Program Files\projects\old_prj\oldallinone\supermarketplace\supermarketplace\app\account\components\user-products-component.js
D:\Program Files\projects\old_prj\oldallinone\supermarketplace\supermarketplace\app\account\components\user-product-edit-component.js
D:\Program Files\projects\old_prj\oldallinone\supermarketplace\supermarketplace\app\account\services\user-adds-service.js
D:\Program Files\projects\old_prj\oldallinone\supermarketplace\supermarketplace\app\account\components\adds-component.js
D:\Program Files\projects\old_prj\oldallinone\supermarketplace\supermarketplace\app\account\components\adds-edit-component.js
D:\Program Files\projects\old_prj\oldallinone\supermarketplace\supermarketplace\app\account\components\adds-create-component.js
D:\Program Files\projects\old_prj\oldallinone\supermarketplace\supermarketplace\app\account\components\product-create-component.js
D:\Program Files\projects\old_prj\oldallinone\supermarketplace\supermarketplace\app\account\services\user-captha-service.js
D:\Program Files\projects\old_prj\oldallinone\supermarketplace\supermarketplace\app\account\components\capthas-component.js
D:\Program Files\projects\old_prj\oldallinone\supermarketplace\supermarketplace\app\account\components\capthas-create-component.js
D:\Program Files\projects\old_prj\oldallinone\supermarketplace\supermarketplace\app\account\components\capthas-edit-component.js
D:\Program Files\projects\old_prj\oldallinone\supermarketplace\supermarketplace\app\account\services\user-message-service.js
D:\Program Files\projects\old_prj\oldallinone\supermarketplace\supermarketplace\app\account\components\user-page-component.js
D:\Program Files\projects\old_prj\oldallinone\supermarketplace\supermarketplace\app\account\components\user-friends-component.js
D:\Program Files\projects\old_prj\oldallinone\supermarketplace\supermarketplace\app\account\components\user-friend-component.js
D:\Program Files\projects\old_prj\oldallinone\supermarketplace\supermarketplace\app\account\components\user-profile-component.js
D:\Program Files\projects\old_prj\oldallinone\supermarketplace\supermarketplace\app\account\services\user-users-service.js
D:\Program Files\projects\old_prj\oldallinone\supermarketplace\supermarketplace\app\account\components\user-users-component.js
D:\Program Files\projects\old_prj\oldallinone\supermarketplace\supermarketplace\app\account\components\user-controlls-component.js
D:\Program Files\projects\old_prj\oldallinone\supermarketplace\supermarketplace\app\account\components\user-controlls-edit-component.js
D:\Program Files\projects\old_prj\oldallinone\supermarketplace\supermarketplace\app\account\config\accounts-routing.js
D:\Program Files\projects\old_prj\oldallinone\supermarketplace\supermarketplace\app\account\components\dynamic-table-component.js
D:\Program Files\projects\old_prj\oldallinone\supermarketplace\supermarketplace\app\account\pipes\data-formater-pipe.js
D:\Program Files\projects\old_prj\oldallinone\supermarketplace\supermarketplace\app\account\app.account.module.js
D:\Program Files\projects\old_prj\oldallinone\supermarketplace\supermarketplace\app\config\root-routing.js
D:\Program Files\projects\old_prj\oldallinone\supermarketplace\supermarketplace\app\app.main-module.js
D:\Program Files\projects\old_prj\oldallinone\supermarketplace\supermarketplace\app\main.js
D:\Program Files\projects\old_prj\oldallinone\supermarketplace\supermarketplace\app\components\categories-component.js
